<?xml version="1.0" encoding="UTF-8"?>
<!-- Generated by org.testng.reporters.JUnitXMLReporter -->
<testsuite ignored="0" hostname="DESKTOP-74QQ2KO" failures="1" tests="5" name="Test" time="0.07" errors="0" timestamp="2024-07-17T20:55:35 IST">
  <testcase classname="Testnglearn.TEst3" name="CASE1" time="0.008"/>
  <testcase classname="Testnglearn.TEst3" name="CASE1" time="0.001"/>
  <testcase classname="Testnglearn.TEst3" name="CASE1" time="0.003"/>
  <testcase classname="Testnglearn.TEst3" name="sfsfsfd" time="0.002"/>
  <testcase classname="Testnglearn.TEst3" name="tEste3" time="0.011">
    <failure type="java.lang.AssertionError" message="expected [true] but found [false]">
      <![CDATA[java.lang.AssertionError: expected [true] but found [false]
at Testnglearn.TEst3.tEste3(TEst3.java:19)
at java.base/java.util.ArrayList.forEach(ArrayList.java:1596)
at java.base/java.util.concurrent.FutureTask.run(FutureTask.java:317)
at java.base/java.util.concurrent.ThreadPoolExecutor.runWorker(ThreadPoolExecutor.java:1144)
at java.base/java.util.concurrent.ThreadPoolExecutor$Worker.run(ThreadPoolExecutor.java:642)
at java.base/java.lang.Thread.run(Thread.java:1583)
... Removed 19 stack frames]]>
    </failure>
  </testcase> <!-- tEste3 -->
</testsuite> <!-- Test -->
